The target system is: Linux -  - mips
The host system is: Linux - 5.15.0-164-generic - x86_64
Compiling the C compiler identification source file "CMakeCCompilerId.c" succeeded.
Compiler: /usr/bin/mips-linux-gnu-gcc 
Build flags: ;-static;-EB;-static;-EB
Id flags:  

The output was:
0


Compilation of the C compiler identification source "CMakeCCompilerId.c" produced "a.out"

The C compiler identification is GNU, found in "/home/arad/projects/ganon/build-mips32be/CMakeFiles/3.22.1/CompilerIdC/a.out"

Detecting C compiler ABI info compiled with the following output:
Change Dir: /home/arad/projects/ganon/build-mips32be/CMakeFiles/CMakeTmp

Run Build Command(s):/usr/bin/gmake -f Makefile cmTC_2ebad/fast && gmake[1]: Entering directory '/home/arad/projects/ganon/build-mips32be/CMakeFiles/CMakeTmp'
/usr/bin/gmake  -f CMakeFiles/cmTC_2ebad.dir/build.make CMakeFiles/cmTC_2ebad.dir/build
gmake[2]: Entering directory '/home/arad/projects/ganon/build-mips32be/CMakeFiles/CMakeTmp'
Building C object CMakeFiles/cmTC_2ebad.dir/CMakeCCompilerABI.c.o
/usr/bin/mips-linux-gnu-gcc   -static -EB -static -EB    -v -o CMakeFiles/cmTC_2ebad.dir/CMakeCCompilerABI.c.o -c /usr/share/cmake-3.22/Modules/CMakeCCompilerABI.c
Using built-in specs.
COLLECT_GCC=/usr/bin/mips-linux-gnu-gcc
Target: mips-linux-gnu
Configured with: ../src/configure -v --with-pkgversion='Ubuntu 10.3.0-1ubuntu1' --with-bugurl=file:///usr/share/doc/gcc-10/README.Bugs --enable-languages=c,ada,c++,go,d,fortran,objc,obj-c++,m2 --prefix=/usr --with-gcc-major-version-only --program-suffix=-10 --enable-shared --enable-linker-build-id --libexecdir=/usr/lib --without-included-gettext --enable-threads=posix --libdir=/usr/lib --enable-nls --with-sysroot=/ --enable-clocale=gnu --enable-libstdcxx-debug --enable-libstdcxx-time=yes --with-default-libstdcxx-abi=new --enable-gnu-unique-object --disable-libitm --disable-libsanitizer --disable-libquadmath --disable-libquadmath-support --enable-plugin --with-system-zlib --enable-libphobos-checking=release --without-target-system-zlib --enable-multiarch --disable-werror --enable-multilib --with-arch-32=mips32r2 --with-fp-32=xx --with-lxc1-sxc1=no --enable-targets=all --with-arch-64=mips64r2 --enable-checking=release --build=x86_64-linux-gnu --host=x86_64-linux-gnu --target=mips-linux-gnu --program-prefix=mips-linux-gnu- --includedir=/usr/mips-linux-gnu/include --with-build-config=bootstrap-lto-lean --enable-link-mutex
Thread model: posix
Supported LTO compression algorithms: zlib
gcc version 10.3.0 (Ubuntu 10.3.0-1ubuntu1) 
COLLECT_GCC_OPTIONS='-static' '-EB' '-static' '-EB' '-v' '-o' 'CMakeFiles/cmTC_2ebad.dir/CMakeCCompilerABI.c.o' '-c' '-march=mips32r2' '-mfpxx' '-mllsc' '-mno-lxc1-sxc1' '-mips32r2' '-mno-shared' '-mabi=32'
 /usr/lib/gcc-cross/mips-linux-gnu/10/cc1 -quiet -v -imultiarch mips-linux-gnu /usr/share/cmake-3.22/Modules/CMakeCCompilerABI.c -meb -quiet -dumpbase CMakeCCompilerABI.c -march=mips32r2 -mfpxx -mllsc -mno-lxc1-sxc1 -mips32r2 -mno-shared -mabi=32 -auxbase-strip CMakeFiles/cmTC_2ebad.dir/CMakeCCompilerABI.c.o -version -fstack-protector-strong -Wformat -Wformat-security -o /tmp/cc8YyYBy.s
GNU C17 (Ubuntu 10.3.0-1ubuntu1) version 10.3.0 (mips-linux-gnu)
	compiled by GNU C version 10.3.0, GMP version 6.2.1, MPFR version 4.1.0, MPC version 1.2.0, isl version isl-0.24-GMP

warning: MPC header version 1.2.0 differs from library version 1.2.1.
GGC heuristics: --param ggc-min-expand=100 --param ggc-min-heapsize=131072
ignoring nonexistent directory "/usr/local/include/mips-linux-gnu"
ignoring nonexistent directory "/usr/lib/gcc-cross/mips-linux-gnu/10/include-fixed"
ignoring nonexistent directory "/usr/include/mips-linux-gnu"
#include "..." search starts here:
#include <...> search starts here:
 /usr/lib/gcc-cross/mips-linux-gnu/10/include
 /usr/lib/gcc-cross/mips-linux-gnu/10/../../../../mips-linux-gnu/include
 /usr/include
End of search list.
GNU C17 (Ubuntu 10.3.0-1ubuntu1) version 10.3.0 (mips-linux-gnu)
	compiled by GNU C version 10.3.0, GMP version 6.2.1, MPFR version 4.1.0, MPC version 1.2.0, isl version isl-0.24-GMP

warning: MPC header version 1.2.0 differs from library version 1.2.1.
GGC heuristics: --param ggc-min-expand=100 --param ggc-min-heapsize=131072
Compiler executable checksum: 3c172171a70d2024a21672384649adca
COLLECT_GCC_OPTIONS='-static' '-EB' '-static' '-EB' '-v' '-o' 'CMakeFiles/cmTC_2ebad.dir/CMakeCCompilerABI.c.o' '-c' '-march=mips32r2' '-mfpxx' '-mllsc' '-mno-lxc1-sxc1' '-mips32r2' '-mno-shared' '-mabi=32'
 /usr/lib/gcc-cross/mips-linux-gnu/10/../../../../mips-linux-gnu/bin/as -v -EB -mips32r2 -O1 -mabi=32 -march=mips32r2 -mfpxx -mno-shared -KPIC -o CMakeFiles/cmTC_2ebad.dir/CMakeCCompilerABI.c.o /tmp/cc8YyYBy.s
GNU assembler version 2.38 (mips-linux-gnu) using BFD version (GNU Binutils for Ubuntu) 2.38
COMPILER_PATH=/usr/lib/gcc-cross/mips-linux-gnu/10/:/usr/lib/gcc-cross/mips-linux-gnu/10/:/usr/lib/gcc-cross/mips-linux-gnu/:/usr/lib/gcc-cross/mips-linux-gnu/10/:/usr/lib/gcc-cross/mips-linux-gnu/:/usr/lib/gcc-cross/mips-linux-gnu/10/../../../../mips-linux-gnu/bin/
LIBRARY_PATH=/usr/lib/gcc-cross/mips-linux-gnu/10/:/usr/lib/gcc-cross/mips-linux-gnu/10/../../../../mips-linux-gnu/lib/../lib/:/lib/mips-linux-gnu/:/lib/../lib/:/usr/lib/mips-linux-gnu/:/usr/lib/../lib/:/usr/lib/gcc-cross/mips-linux-gnu/10/../../../../mips-linux-gnu/lib/:/lib/:/usr/lib/
COLLECT_GCC_OPTIONS='-static' '-EB' '-static' '-EB' '-v' '-o' 'CMakeFiles/cmTC_2ebad.dir/CMakeCCompilerABI.c.o' '-c' '-march=mips32r2' '-mfpxx' '-mllsc' '-mno-lxc1-sxc1' '-mips32r2' '-mno-shared' '-mabi=32'
Linking C executable cmTC_2ebad
/usr/bin/cmake -E cmake_link_script CMakeFiles/cmTC_2ebad.dir/link.txt --verbose=1
/usr/bin/mips-linux-gnu-gcc  -static -EB -static -EB  -static -EB -v CMakeFiles/cmTC_2ebad.dir/CMakeCCompilerABI.c.o -o cmTC_2ebad 
Using built-in specs.
COLLECT_GCC=/usr/bin/mips-linux-gnu-gcc
COLLECT_LTO_WRAPPER=/usr/lib/gcc-cross/mips-linux-gnu/10/lto-wrapper
Target: mips-linux-gnu
Configured with: ../src/configure -v --with-pkgversion='Ubuntu 10.3.0-1ubuntu1' --with-bugurl=file:///usr/share/doc/gcc-10/README.Bugs --enable-languages=c,ada,c++,go,d,fortran,objc,obj-c++,m2 --prefix=/usr --with-gcc-major-version-only --program-suffix=-10 --enable-shared --enable-linker-build-id --libexecdir=/usr/lib --without-included-gettext --enable-threads=posix --libdir=/usr/lib --enable-nls --with-sysroot=/ --enable-clocale=gnu --enable-libstdcxx-debug --enable-libstdcxx-time=yes --with-default-libstdcxx-abi=new --enable-gnu-unique-object --disable-libitm --disable-libsanitizer --disable-libquadmath --disable-libquadmath-support --enable-plugin --with-system-zlib --enable-libphobos-checking=release --without-target-system-zlib --enable-multiarch --disable-werror --enable-multilib --with-arch-32=mips32r2 --with-fp-32=xx --with-lxc1-sxc1=no --enable-targets=all --with-arch-64=mips64r2 --enable-checking=release --build=x86_64-linux-gnu --host=x86_64-linux-gnu --target=mips-linux-gnu --program-prefix=mips-linux-gnu- --includedir=/usr/mips-linux-gnu/include --with-build-config=bootstrap-lto-lean --enable-link-mutex
Thread model: posix
Supported LTO compression algorithms: zlib
gcc version 10.3.0 (Ubuntu 10.3.0-1ubuntu1) 
COMPILER_PATH=/usr/lib/gcc-cross/mips-linux-gnu/10/:/usr/lib/gcc-cross/mips-linux-gnu/10/:/usr/lib/gcc-cross/mips-linux-gnu/:/usr/lib/gcc-cross/mips-linux-gnu/10/:/usr/lib/gcc-cross/mips-linux-gnu/:/usr/lib/gcc-cross/mips-linux-gnu/10/../../../../mips-linux-gnu/bin/
LIBRARY_PATH=/usr/lib/gcc-cross/mips-linux-gnu/10/:/usr/lib/gcc-cross/mips-linux-gnu/10/../../../../mips-linux-gnu/lib/../lib/:/lib/mips-linux-gnu/:/lib/../lib/:/usr/lib/mips-linux-gnu/:/usr/lib/../lib/:/usr/lib/gcc-cross/mips-linux-gnu/10/../../../../mips-linux-gnu/lib/:/lib/:/usr/lib/
COLLECT_GCC_OPTIONS='-static' '-EB' '-static' '-EB' '-static' '-EB' '-v' '-o' 'cmTC_2ebad' '-march=mips32r2' '-mfpxx' '-mllsc' '-mno-lxc1-sxc1' '-mips32r2' '-mno-shared' '-mabi=32'
 /usr/lib/gcc-cross/mips-linux-gnu/10/collect2 -plugin /usr/lib/gcc-cross/mips-linux-gnu/10/liblto_plugin.so -plugin-opt=/usr/lib/gcc-cross/mips-linux-gnu/10/lto-wrapper -plugin-opt=-fresolution=/tmp/ccZdvgNK.res -plugin-opt=-pass-through=-lgcc -plugin-opt=-pass-through=-lgcc_eh -plugin-opt=-pass-through=-lc --sysroot=/ --build-id -EB -EB -EB -mips32r2 --as-needed -static -static -static -melf32btsmip -z relro -o cmTC_2ebad /usr/lib/gcc-cross/mips-linux-gnu/10/../../../../mips-linux-gnu/lib/../lib/crt1.o /usr/lib/gcc-cross/mips-linux-gnu/10/../../../../mips-linux-gnu/lib/../lib/crti.o /usr/lib/gcc-cross/mips-linux-gnu/10/crtbeginT.o -L/usr/lib/gcc-cross/mips-linux-gnu/10 -L/usr/lib/gcc-cross/mips-linux-gnu/10/../../../../mips-linux-gnu/lib/../lib -L/lib/mips-linux-gnu -L/lib/../lib -L/usr/lib/mips-linux-gnu -L/usr/lib/../lib -L/usr/lib/gcc-cross/mips-linux-gnu/10/../../../../mips-linux-gnu/lib CMakeFiles/cmTC_2ebad.dir/CMakeCCompilerABI.c.o --start-group -lgcc -lgcc_eh -lc --end-group /usr/lib/gcc-cross/mips-linux-gnu/10/crtend.o /usr/lib/gcc-cross/mips-linux-gnu/10/../../../../mips-linux-gnu/lib/../lib/crtn.o
COLLECT_GCC_OPTIONS='-static' '-EB' '-static' '-EB' '-static' '-EB' '-v' '-o' 'cmTC_2ebad' '-march=mips32r2' '-mfpxx' '-mllsc' '-mno-lxc1-sxc1' '-mips32r2' '-mno-shared' '-mabi=32'
gmake[2]: Leaving directory '/home/arad/projects/ganon/build-mips32be/CMakeFiles/CMakeTmp'
gmake[1]: Leaving directory '/home/arad/projects/ganon/build-mips32be/CMakeFiles/CMakeTmp'



Parsed C implicit include dir info from above output: rv=done
  found start of include info
  found start of implicit include info
    add: [/usr/lib/gcc-cross/mips-linux-gnu/10/include]
    add: [/usr/lib/gcc-cross/mips-linux-gnu/10/../../../../mips-linux-gnu/include]
    add: [/usr/include]
  end of search list found
  collapse include dir [/usr/lib/gcc-cross/mips-linux-gnu/10/include] ==> [/usr/lib/gcc-cross/mips-linux-gnu/10/include]
  collapse include dir [/usr/lib/gcc-cross/mips-linux-gnu/10/../../../../mips-linux-gnu/include] ==> [/usr/mips-linux-gnu/include]
  collapse include dir [/usr/include] ==> [/usr/include]
  implicit include dirs: [/usr/lib/gcc-cross/mips-linux-gnu/10/include;/usr/mips-linux-gnu/include;/usr/include]


Parsed C implicit link information from above output:
  link line regex: [^( *|.*[/\])(mips-linux-gnu-ld|CMAKE_LINK_STARTFILE-NOTFOUND|([^/\]+-)?ld|collect2)[^/\]*( |$)]
  ignore line: [Change Dir: /home/arad/projects/ganon/build-mips32be/CMakeFiles/CMakeTmp]
  ignore line: []
  ignore line: [Run Build Command(s):/usr/bin/gmake -f Makefile cmTC_2ebad/fast && gmake[1]: Entering directory '/home/arad/projects/ganon/build-mips32be/CMakeFiles/CMakeTmp']
  ignore line: [/usr/bin/gmake  -f CMakeFiles/cmTC_2ebad.dir/build.make CMakeFiles/cmTC_2ebad.dir/build]
  ignore line: [gmake[2]: Entering directory '/home/arad/projects/ganon/build-mips32be/CMakeFiles/CMakeTmp']
  ignore line: [Building C object CMakeFiles/cmTC_2ebad.dir/CMakeCCompilerABI.c.o]
  ignore line: [/usr/bin/mips-linux-gnu-gcc   -static -EB -static -EB    -v -o CMakeFiles/cmTC_2ebad.dir/CMakeCCompilerABI.c.o -c /usr/share/cmake-3.22/Modules/CMakeCCompilerABI.c]
  ignore line: [Using built-in specs.]
  ignore line: [COLLECT_GCC=/usr/bin/mips-linux-gnu-gcc]
  ignore line: [Target: mips-linux-gnu]
  ignore line: [Configured with: ../src/configure -v --with-pkgversion='Ubuntu 10.3.0-1ubuntu1' --with-bugurl=file:///usr/share/doc/gcc-10/README.Bugs --enable-languages=c ada c++ go d fortran objc obj-c++ m2 --prefix=/usr --with-gcc-major-version-only --program-suffix=-10 --enable-shared --enable-linker-build-id --libexecdir=/usr/lib --without-included-gettext --enable-threads=posix --libdir=/usr/lib --enable-nls --with-sysroot=/ --enable-clocale=gnu --enable-libstdcxx-debug --enable-libstdcxx-time=yes --with-default-libstdcxx-abi=new --enable-gnu-unique-object --disable-libitm --disable-libsanitizer --disable-libquadmath --disable-libquadmath-support --enable-plugin --with-system-zlib --enable-libphobos-checking=release --without-target-system-zlib --enable-multiarch --disable-werror --enable-multilib --with-arch-32=mips32r2 --with-fp-32=xx --with-lxc1-sxc1=no --enable-targets=all --with-arch-64=mips64r2 --enable-checking=release --build=x86_64-linux-gnu --host=x86_64-linux-gnu --target=mips-linux-gnu --program-prefix=mips-linux-gnu- --includedir=/usr/mips-linux-gnu/include --with-build-config=bootstrap-lto-lean --enable-link-mutex]
  ignore line: [Thread model: posix]
  ignore line: [Supported LTO compression algorithms: zlib]
  ignore line: [gcc version 10.3.0 (Ubuntu 10.3.0-1ubuntu1) ]
  ignore line: [COLLECT_GCC_OPTIONS='-static' '-EB' '-static' '-EB' '-v' '-o' 'CMakeFiles/cmTC_2ebad.dir/CMakeCCompilerABI.c.o' '-c' '-march=mips32r2' '-mfpxx' '-mllsc' '-mno-lxc1-sxc1' '-mips32r2' '-mno-shared' '-mabi=32']
  ignore line: [ /usr/lib/gcc-cross/mips-linux-gnu/10/cc1 -quiet -v -imultiarch mips-linux-gnu /usr/share/cmake-3.22/Modules/CMakeCCompilerABI.c -meb -quiet -dumpbase CMakeCCompilerABI.c -march=mips32r2 -mfpxx -mllsc -mno-lxc1-sxc1 -mips32r2 -mno-shared -mabi=32 -auxbase-strip CMakeFiles/cmTC_2ebad.dir/CMakeCCompilerABI.c.o -version -fstack-protector-strong -Wformat -Wformat-security -o /tmp/cc8YyYBy.s]
  ignore line: [GNU C17 (Ubuntu 10.3.0-1ubuntu1) version 10.3.0 (mips-linux-gnu)]
  ignore line: [	compiled by GNU C version 10.3.0  GMP version 6.2.1  MPFR version 4.1.0  MPC version 1.2.0  isl version isl-0.24-GMP]
  ignore line: []
  ignore line: [warning: MPC header version 1.2.0 differs from library version 1.2.1.]
  ignore line: [GGC heuristics: --param ggc-min-expand=100 --param ggc-min-heapsize=131072]
  ignore line: [ignoring nonexistent directory "/usr/local/include/mips-linux-gnu"]
  ignore line: [ignoring nonexistent directory "/usr/lib/gcc-cross/mips-linux-gnu/10/include-fixed"]
  ignore line: [ignoring nonexistent directory "/usr/include/mips-linux-gnu"]
  ignore line: [#include "..." search starts here:]
  ignore line: [#include <...> search starts here:]
  ignore line: [ /usr/lib/gcc-cross/mips-linux-gnu/10/include]
  ignore line: [ /usr/lib/gcc-cross/mips-linux-gnu/10/../../../../mips-linux-gnu/include]
  ignore line: [ /usr/include]
  ignore line: [End of search list.]
  ignore line: [GNU C17 (Ubuntu 10.3.0-1ubuntu1) version 10.3.0 (mips-linux-gnu)]
  ignore line: [	compiled by GNU C version 10.3.0  GMP version 6.2.1  MPFR version 4.1.0  MPC version 1.2.0  isl version isl-0.24-GMP]
  ignore line: []
  ignore line: [warning: MPC header version 1.2.0 differs from library version 1.2.1.]
  ignore line: [GGC heuristics: --param ggc-min-expand=100 --param ggc-min-heapsize=131072]
  ignore line: [Compiler executable checksum: 3c172171a70d2024a21672384649adca]
  ignore line: [COLLECT_GCC_OPTIONS='-static' '-EB' '-static' '-EB' '-v' '-o' 'CMakeFiles/cmTC_2ebad.dir/CMakeCCompilerABI.c.o' '-c' '-march=mips32r2' '-mfpxx' '-mllsc' '-mno-lxc1-sxc1' '-mips32r2' '-mno-shared' '-mabi=32']
  ignore line: [ /usr/lib/gcc-cross/mips-linux-gnu/10/../../../../mips-linux-gnu/bin/as -v -EB -mips32r2 -O1 -mabi=32 -march=mips32r2 -mfpxx -mno-shared -KPIC -o CMakeFiles/cmTC_2ebad.dir/CMakeCCompilerABI.c.o /tmp/cc8YyYBy.s]
  ignore line: [GNU assembler version 2.38 (mips-linux-gnu) using BFD version (GNU Binutils for Ubuntu) 2.38]
  ignore line: [COMPILER_PATH=/usr/lib/gcc-cross/mips-linux-gnu/10/:/usr/lib/gcc-cross/mips-linux-gnu/10/:/usr/lib/gcc-cross/mips-linux-gnu/:/usr/lib/gcc-cross/mips-linux-gnu/10/:/usr/lib/gcc-cross/mips-linux-gnu/:/usr/lib/gcc-cross/mips-linux-gnu/10/../../../../mips-linux-gnu/bin/]
  ignore line: [LIBRARY_PATH=/usr/lib/gcc-cross/mips-linux-gnu/10/:/usr/lib/gcc-cross/mips-linux-gnu/10/../../../../mips-linux-gnu/lib/../lib/:/lib/mips-linux-gnu/:/lib/../lib/:/usr/lib/mips-linux-gnu/:/usr/lib/../lib/:/usr/lib/gcc-cross/mips-linux-gnu/10/../../../../mips-linux-gnu/lib/:/lib/:/usr/lib/]
  ignore line: [COLLECT_GCC_OPTIONS='-static' '-EB' '-static' '-EB' '-v' '-o' 'CMakeFiles/cmTC_2ebad.dir/CMakeCCompilerABI.c.o' '-c' '-march=mips32r2' '-mfpxx' '-mllsc' '-mno-lxc1-sxc1' '-mips32r2' '-mno-shared' '-mabi=32']
  ignore line: [Linking C executable cmTC_2ebad]
  ignore line: [/usr/bin/cmake -E cmake_link_script CMakeFiles/cmTC_2ebad.dir/link.txt --verbose=1]
  ignore line: [/usr/bin/mips-linux-gnu-gcc  -static -EB -static -EB  -static -EB -v CMakeFiles/cmTC_2ebad.dir/CMakeCCompilerABI.c.o -o cmTC_2ebad ]
  ignore line: [Using built-in specs.]
  ignore line: [COLLECT_GCC=/usr/bin/mips-linux-gnu-gcc]
  ignore line: [COLLECT_LTO_WRAPPER=/usr/lib/gcc-cross/mips-linux-gnu/10/lto-wrapper]
  ignore line: [Target: mips-linux-gnu]
  ignore line: [Configured with: ../src/configure -v --with-pkgversion='Ubuntu 10.3.0-1ubuntu1' --with-bugurl=file:///usr/share/doc/gcc-10/README.Bugs --enable-languages=c ada c++ go d fortran objc obj-c++ m2 --prefix=/usr --with-gcc-major-version-only --program-suffix=-10 --enable-shared --enable-linker-build-id --libexecdir=/usr/lib --without-included-gettext --enable-threads=posix --libdir=/usr/lib --enable-nls --with-sysroot=/ --enable-clocale=gnu --enable-libstdcxx-debug --enable-libstdcxx-time=yes --with-default-libstdcxx-abi=new --enable-gnu-unique-object --disable-libitm --disable-libsanitizer --disable-libquadmath --disable-libquadmath-support --enable-plugin --with-system-zlib --enable-libphobos-checking=release --without-target-system-zlib --enable-multiarch --disable-werror --enable-multilib --with-arch-32=mips32r2 --with-fp-32=xx --with-lxc1-sxc1=no --enable-targets=all --with-arch-64=mips64r2 --enable-checking=release --build=x86_64-linux-gnu --host=x86_64-linux-gnu --target=mips-linux-gnu --program-prefix=mips-linux-gnu- --includedir=/usr/mips-linux-gnu/include --with-build-config=bootstrap-lto-lean --enable-link-mutex]
  ignore line: [Thread model: posix]
  ignore line: [Supported LTO compression algorithms: zlib]
  ignore line: [gcc version 10.3.0 (Ubuntu 10.3.0-1ubuntu1) ]
  ignore line: [COMPILER_PATH=/usr/lib/gcc-cross/mips-linux-gnu/10/:/usr/lib/gcc-cross/mips-linux-gnu/10/:/usr/lib/gcc-cross/mips-linux-gnu/:/usr/lib/gcc-cross/mips-linux-gnu/10/:/usr/lib/gcc-cross/mips-linux-gnu/:/usr/lib/gcc-cross/mips-linux-gnu/10/../../../../mips-linux-gnu/bin/]
  ignore line: [LIBRARY_PATH=/usr/lib/gcc-cross/mips-linux-gnu/10/:/usr/lib/gcc-cross/mips-linux-gnu/10/../../../../mips-linux-gnu/lib/../lib/:/lib/mips-linux-gnu/:/lib/../lib/:/usr/lib/mips-linux-gnu/:/usr/lib/../lib/:/usr/lib/gcc-cross/mips-linux-gnu/10/../../../../mips-linux-gnu/lib/:/lib/:/usr/lib/]
  ignore line: [COLLECT_GCC_OPTIONS='-static' '-EB' '-static' '-EB' '-static' '-EB' '-v' '-o' 'cmTC_2ebad' '-march=mips32r2' '-mfpxx' '-mllsc' '-mno-lxc1-sxc1' '-mips32r2' '-mno-shared' '-mabi=32']
  link line: [ /usr/lib/gcc-cross/mips-linux-gnu/10/collect2 -plugin /usr/lib/gcc-cross/mips-linux-gnu/10/liblto_plugin.so -plugin-opt=/usr/lib/gcc-cross/mips-linux-gnu/10/lto-wrapper -plugin-opt=-fresolution=/tmp/ccZdvgNK.res -plugin-opt=-pass-through=-lgcc -plugin-opt=-pass-through=-lgcc_eh -plugin-opt=-pass-through=-lc --sysroot=/ --build-id -EB -EB -EB -mips32r2 --as-needed -static -static -static -melf32btsmip -z relro -o cmTC_2ebad /usr/lib/gcc-cross/mips-linux-gnu/10/../../../../mips-linux-gnu/lib/../lib/crt1.o /usr/lib/gcc-cross/mips-linux-gnu/10/../../../../mips-linux-gnu/lib/../lib/crti.o /usr/lib/gcc-cross/mips-linux-gnu/10/crtbeginT.o -L/usr/lib/gcc-cross/mips-linux-gnu/10 -L/usr/lib/gcc-cross/mips-linux-gnu/10/../../../../mips-linux-gnu/lib/../lib -L/lib/mips-linux-gnu -L/lib/../lib -L/usr/lib/mips-linux-gnu -L/usr/lib/../lib -L/usr/lib/gcc-cross/mips-linux-gnu/10/../../../../mips-linux-gnu/lib CMakeFiles/cmTC_2ebad.dir/CMakeCCompilerABI.c.o --start-group -lgcc -lgcc_eh -lc --end-group /usr/lib/gcc-cross/mips-linux-gnu/10/crtend.o /usr/lib/gcc-cross/mips-linux-gnu/10/../../../../mips-linux-gnu/lib/../lib/crtn.o]
    arg [/usr/lib/gcc-cross/mips-linux-gnu/10/collect2] ==> ignore
    arg [-plugin] ==> ignore
    arg [/usr/lib/gcc-cross/mips-linux-gnu/10/liblto_plugin.so] ==> ignore
    arg [-plugin-opt=/usr/lib/gcc-cross/mips-linux-gnu/10/lto-wrapper] ==> ignore
    arg [-plugin-opt=-fresolution=/tmp/ccZdvgNK.res] ==> ignore
    arg [-plugin-opt=-pass-through=-lgcc] ==> ignore
    arg [-plugin-opt=-pass-through=-lgcc_eh] ==> ignore
    arg [-plugin-opt=-pass-through=-lc] ==> ignore
    arg [--sysroot=/] ==> ignore
    arg [--build-id] ==> ignore
    arg [-EB] ==> ignore
    arg [-EB] ==> ignore
    arg [-EB] ==> ignore
    arg [-mips32r2] ==> ignore
    arg [--as-needed] ==> ignore
    arg [-static] ==> ignore
    arg [-static] ==> ignore
    arg [-static] ==> ignore
    arg [-melf32btsmip] ==> ignore
    arg [-zrelro] ==> ignore
    arg [-o] ==> ignore
    arg [cmTC_2ebad] ==> ignore
    arg [/usr/lib/gcc-cross/mips-linux-gnu/10/../../../../mips-linux-gnu/lib/../lib/crt1.o] ==> obj [/usr/lib/gcc-cross/mips-linux-gnu/10/../../../../mips-linux-gnu/lib/../lib/crt1.o]
    arg [/usr/lib/gcc-cross/mips-linux-gnu/10/../../../../mips-linux-gnu/lib/../lib/crti.o] ==> obj [/usr/lib/gcc-cross/mips-linux-gnu/10/../../../../mips-linux-gnu/lib/../lib/crti.o]
    arg [/usr/lib/gcc-cross/mips-linux-gnu/10/crtbeginT.o] ==> obj [/usr/lib/gcc-cross/mips-linux-gnu/10/crtbeginT.o]
    arg [-L/usr/lib/gcc-cross/mips-linux-gnu/10] ==> dir [/usr/lib/gcc-cross/mips-linux-gnu/10]
    arg [-L/usr/lib/gcc-cross/mips-linux-gnu/10/../../../../mips-linux-gnu/lib/../lib] ==> dir [/usr/lib/gcc-cross/mips-linux-gnu/10/../../../../mips-linux-gnu/lib/../lib]
    arg [-L/lib/mips-linux-gnu] ==> dir [/lib/mips-linux-gnu]
    arg [-L/lib/../lib] ==> dir [/lib/../lib]
    arg [-L/usr/lib/mips-linux-gnu] ==> dir [/usr/lib/mips-linux-gnu]
    arg [-L/usr/lib/../lib] ==> dir [/usr/lib/../lib]
    arg [-L/usr/lib/gcc-cross/mips-linux-gnu/10/../../../../mips-linux-gnu/lib] ==> dir [/usr/lib/gcc-cross/mips-linux-gnu/10/../../../../mips-linux-gnu/lib]
    arg [CMakeFiles/cmTC_2ebad.dir/CMakeCCompilerABI.c.o] ==> ignore
    arg [--start-group] ==> ignore
    arg [-lgcc] ==> lib [gcc]
    arg [-lgcc_eh] ==> lib [gcc_eh]
    arg [-lc] ==> lib [c]
    arg [--end-group] ==> ignore
    arg [/usr/lib/gcc-cross/mips-linux-gnu/10/crtend.o] ==> obj [/usr/lib/gcc-cross/mips-linux-gnu/10/crtend.o]
    arg [/usr/lib/gcc-cross/mips-linux-gnu/10/../../../../mips-linux-gnu/lib/../lib/crtn.o] ==> obj [/usr/lib/gcc-cross/mips-linux-gnu/10/../../../../mips-linux-gnu/lib/../lib/crtn.o]
  remove lib [gcc_eh]
  collapse obj [/usr/lib/gcc-cross/mips-linux-gnu/10/../../../../mips-linux-gnu/lib/../lib/crt1.o] ==> [/usr/mips-linux-gnu/lib/crt1.o]
  collapse obj [/usr/lib/gcc-cross/mips-linux-gnu/10/../../../../mips-linux-gnu/lib/../lib/crti.o] ==> [/usr/mips-linux-gnu/lib/crti.o]
  collapse obj [/usr/lib/gcc-cross/mips-linux-gnu/10/../../../../mips-linux-gnu/lib/../lib/crtn.o] ==> [/usr/mips-linux-gnu/lib/crtn.o]
  collapse library dir [/usr/lib/gcc-cross/mips-linux-gnu/10] ==> [/usr/lib/gcc-cross/mips-linux-gnu/10]
  collapse library dir [/usr/lib/gcc-cross/mips-linux-gnu/10/../../../../mips-linux-gnu/lib/../lib] ==> [/usr/mips-linux-gnu/lib]
  collapse library dir [/lib/mips-linux-gnu] ==> [/lib/mips-linux-gnu]
  collapse library dir [/lib/../lib] ==> [/lib]
  collapse library dir [/usr/lib/mips-linux-gnu] ==> [/usr/lib/mips-linux-gnu]
  collapse library dir [/usr/lib/../lib] ==> [/usr/lib]
  collapse library dir [/usr/lib/gcc-cross/mips-linux-gnu/10/../../../../mips-linux-gnu/lib] ==> [/usr/mips-linux-gnu/lib]
  implicit libs: [gcc;c]
  implicit objs: [/usr/mips-linux-gnu/lib/crt1.o;/usr/mips-linux-gnu/lib/crti.o;/usr/lib/gcc-cross/mips-linux-gnu/10/crtbeginT.o;/usr/lib/gcc-cross/mips-linux-gnu/10/crtend.o;/usr/mips-linux-gnu/lib/crtn.o]
  implicit dirs: [/usr/lib/gcc-cross/mips-linux-gnu/10;/usr/mips-linux-gnu/lib;/lib/mips-linux-gnu;/lib;/usr/lib/mips-linux-gnu;/usr/lib]
  implicit fwks: []


